common2/build/outputs/logs/manifest-merger-debug-report.txt
-- Merging decision tree log ---
manifest
ADDED from src\main\AndroidManifest.xml:2:1-20:12
	package
		ADDED from src\main\AndroidManifest.xml:3:11-41
		INJECTED from src\main\AndroidManifest.xml
		INJECTED from src\main\AndroidManifest.xml
	android:versionName
		ADDED from src\main\AndroidManifest.xml:5:11-38
		INJECTED from src\main\AndroidManifest.xml
		INJECTED from src\main\AndroidManifest.xml
	android:versionCode
		ADDED from src\main\AndroidManifest.xml:4:11-35
		INJECTED from src\main\AndroidManifest.xml
		INJECTED from src\main\AndroidManifest.xml
	xmlns:android
		ADDED from src\main\AndroidManifest.xml:2:11-69
uses-sdk
ADDED from src\main\AndroidManifest.xml:7:5-42
	android:targetSdkVersion
		INJECTED from src\main\AndroidManifest.xml
		INJECTED from src\main\AndroidManifest.xml
	android:minSdkVersion
		ADDED from src\main\AndroidManifest.xml:7:15-40
		INJECTED from src\main\AndroidManifest.xml
		INJECTED from src\main\AndroidManifest.xml
uses-permission#android.permission.INTERNET
ADDED from src\main\AndroidManifest.xml:9:5-66
	android:name
		ADDED from src\main\AndroidManifest.xml:9:22-64
application
ADDED from src\main\AndroidManifest.xml:10:5-19:19
service#com.litesuits.common.service.NotificationService
ADDED from src\main\AndroidManifest.xml:11:9-18:19
	android:label
		ADDED from src\main\AndroidManifest.xml:13:17-49
	android:permission
		ADDED from src\main\AndroidManifest.xml:14:17-91
	android:name
		ADDED from src\main\AndroidManifest.xml:12:17-60
intent-filter#android.service.notification.NotificationListenerService
ADDED from src\main\AndroidManifest.xml:15:13-17:29
action#android.service.notification.NotificationListenerService
ADDED from src\main\AndroidManifest.xml:16:17-98
	android:name
		ADDED from src\main\AndroidManifest.xml:16:25-96